TN:
SF:libs/common/src/database/prisma.service.ts
FN:12,(anonymous_0)
FN:22,(anonymous_1)
FN:23,(anonymous_2)
FNF:3
FNH:2
FNDA:2,(anonymous_0)
FNDA:1,(anonymous_1)
FNDA:0,(anonymous_2)
DA:1,18
DA:2,18
DA:5,18
DA:13,2
DA:23,1
DA:27,1
DA:28,1
LF:7
LH:7
BRF:0
BRH:0
end_of_record
TN:
SF:libs/common/src/decorators/current-user.decorator.ts
FN:4,(anonymous_0)
FN:9,(anonymous_1)
FNF:2
FNH:0
FNDA:0,(anonymous_0)
FNDA:0,(anonymous_1)
DA:1,17
DA:4,17
DA:5,0
DA:8,17
DA:10,0
LF:5
LH:3
BRF:0
BRH:0
end_of_record
TN:
SF:libs/common/src/file-handler/file-handler.service.ts
FN:36,(anonymous_0)
FN:55,(anonymous_1)
FN:73,(anonymous_2)
FN:81,(anonymous_3)
FN:117,(anonymous_4)
FN:125,(anonymous_5)
FN:143,(anonymous_6)
FN:148,(anonymous_7)
FN:154,(anonymous_8)
FNF:9
FNH:9
FNDA:13,(anonymous_0)
FNDA:4,(anonymous_1)
FNDA:3,(anonymous_2)
FNDA:2,(anonymous_3)
FNDA:3,(anonymous_4)
FNDA:1,(anonymous_5)
FNDA:1,(anonymous_6)
FNDA:3,(anonymous_7)
FNDA:1,(anonymous_8)
DA:1,18
DA:9,18
DA:16,18
DA:17,18
DA:18,18
DA:21,18
DA:34,13
DA:37,13
DA:38,13
DA:39,13
DA:40,13
DA:42,13
DA:47,13
DA:56,4
DA:57,4
DA:62,4
DA:66,3
DA:68,1
DA:69,1
DA:74,3
DA:79,3
DA:82,2
DA:83,1
DA:88,1
DA:89,1
DA:90,1
DA:94,1
DA:97,0
DA:98,0
DA:101,1
DA:102,0
DA:105,1
DA:107,1
DA:118,3
DA:125,3
DA:126,1
DA:127,1
DA:131,1
DA:134,0
DA:135,0
DA:138,2
DA:140,2
DA:144,1
DA:145,1
DA:149,3
DA:154,3
DA:155,1
DA:156,1
DA:160,1
DA:163,0
DA:164,0
LF:51
LH:44
BRDA:82,0,0,1
BRDA:82,0,1,1
BRDA:89,1,0,1
BRDA:101,2,0,0
BRDA:109,3,0,1
BRDA:109,3,1,0
BRDA:126,4,0,1
BRDA:155,5,0,1
BRF:8
BRH:6
end_of_record
TN:
SF:libs/common/src/filters/zod-exception-filter.ts
FN:8,(anonymous_0)
FN:18,(anonymous_1)
FNF:2
FNH:2
FNDA:1,(anonymous_0)
FNDA:1,(anonymous_1)
DA:1,18
DA:2,18
DA:4,18
DA:7,18
DA:9,1
DA:10,1
DA:12,1
DA:13,1
DA:18,1
DA:24,1
LF:10
LH:10
BRF:0
BRH:0
end_of_record
TN:
SF:libs/common/src/logger/logger.service.ts
FN:5,(anonymous_0)
FN:13,(anonymous_1)
FNF:2
FNH:1
FNDA:0,(anonymous_0)
FNDA:20,(anonymous_1)
DA:1,18
DA:4,18
DA:6,0
DA:14,20
LF:4
LH:3
BRF:0
BRH:0
end_of_record
TN:
SF:libs/common/src/pipes/parse-files.pipe.ts
FN:4,(anonymous_0)
FN:6,(anonymous_1)
FNF:2
FNH:2
FNDA:3,(anonymous_0)
FNDA:2,(anonymous_1)
DA:3,18
DA:4,3
DA:9,2
DA:10,2
DA:13,4
DA:15,2
LF:6
LH:6
BRDA:9,0,0,2
BRF:1
BRH:1
end_of_record
TN:
SF:libs/common/src/pipes/parse-license-registration-files.pipe.ts
FN:14,(anonymous_0)
FN:28,(anonymous_1)
FN:68,(anonymous_2)
FNF:3
FNH:3
FNDA:9,(anonymous_0)
FNDA:32,(anonymous_1)
FNDA:20,(anonymous_2)
DA:1,18
DA:11,18
DA:15,9
DA:21,1
DA:26,8
DA:28,8
DA:29,32
DA:30,1
DA:34,8
DA:35,1
DA:40,7
DA:41,7
DA:42,7
DA:44,7
DA:45,7
DA:46,2
DA:49,5
DA:50,5
DA:51,0
DA:54,5
DA:55,5
DA:56,0
DA:61,5
DA:62,5
DA:63,0
DA:68,5
DA:69,20
DA:70,20
DA:72,20
DA:73,1
DA:79,4
LF:31
LH:28
BRDA:15,0,0,1
BRDA:16,1,0,9
BRDA:16,1,1,8
BRDA:16,1,2,8
BRDA:16,1,3,8
BRDA:29,2,0,1
BRDA:29,3,0,32
BRDA:29,3,1,32
BRDA:34,4,0,1
BRDA:45,5,0,2
BRDA:50,6,0,0
BRDA:55,7,0,0
BRDA:62,8,0,0
BRDA:72,9,0,1
BRF:14
BRH:11
end_of_record
TN:
SF:libs/common/src/pipes/parse-license-renewal-files.pipe.ts
FN:12,(anonymous_0)
FN:26,(anonymous_1)
FN:87,(anonymous_2)
FNF:3
FNH:3
FNDA:6,(anonymous_0)
FNDA:20,(anonymous_1)
FNDA:16,(anonymous_2)
DA:1,18
DA:11,18
DA:13,6
DA:19,1
DA:24,5
DA:26,5
DA:27,20
DA:28,0
DA:32,5
DA:33,0
DA:38,5
DA:39,5
DA:40,5
DA:42,5
DA:43,5
DA:44,2
DA:47,3
DA:48,3
DA:49,0
DA:54,3
DA:55,3
DA:56,0
DA:61,3
DA:62,3
DA:63,0
DA:68,3
DA:69,3
DA:70,0
DA:73,3
DA:74,3
DA:75,0
DA:80,3
DA:88,16
DA:89,16
DA:91,16
DA:92,1
DA:98,2
LF:37
LH:30
BRDA:13,0,0,1
BRDA:14,1,0,6
BRDA:14,1,1,5
BRDA:14,1,2,5
BRDA:14,1,3,5
BRDA:27,2,0,0
BRDA:27,3,0,20
BRDA:27,3,1,20
BRDA:32,4,0,0
BRDA:43,5,0,2
BRDA:48,6,0,0
BRDA:55,7,0,0
BRDA:62,8,0,0
BRDA:69,9,0,0
BRDA:69,10,0,3
BRDA:69,10,1,0
BRDA:74,11,0,0
BRDA:74,12,0,3
BRDA:74,12,1,0
BRDA:91,13,0,1
BRDA:91,14,0,16
BRDA:91,14,1,12
BRF:22
BRH:13
end_of_record
TN:
SF:libs/common/src/utils/functions.ts
FN:1,capitalizeFirstLetter
FNF:1
FNH:0
FNDA:0,capitalizeFirstLetter
DA:1,17
DA:2,0
LF:2
LH:1
BRF:0
BRH:0
end_of_record
TN:
SF:libs/common/src/utils/timer.ts
FNF:0
FNH:0
DA:1,17
DA:2,17
DA:3,17
DA:5,17
DA:6,17
DA:7,17
DA:9,17
LF:7
LH:7
BRF:0
BRH:0
end_of_record
TN:
SF:libs/common/src/validators/common.validator.ts
FN:8,(anonymous_0)
FN:9,(anonymous_1)
FNF:2
FNH:0
FNDA:0,(anonymous_0)
FNDA:0,(anonymous_1)
DA:1,17
DA:3,17
DA:5,17
DA:7,17
DA:8,0
DA:9,0
DA:12,17
LF:7
LH:5
BRF:0
BRH:0
end_of_record
TN:
SF:libs/telemetry/src/providers/telemetry.provider.ts
FN:25,(anonymous_0)
FN:87,(anonymous_1)
FN:89,(anonymous_2)
FN:90,(anonymous_3)
FN:91,(anonymous_4)
FNF:5
FNH:5
FNDA:8,(anonymous_0)
FNDA:11,(anonymous_1)
FNDA:10,(anonymous_2)
FNDA:1,(anonymous_3)
FNDA:11,(anonymous_4)
DA:2,1
DA:3,1
DA:4,1
DA:8,1
DA:9,1
DA:10,1
DA:14,1
DA:15,1
DA:16,1
DA:17,1
DA:18,1
DA:19,1
DA:20,1
DA:21,1
DA:22,1
DA:25,1
DA:28,8
DA:29,8
DA:31,8
DA:33,8
DA:40,8
DA:46,8
DA:61,8
DA:63,8
DA:83,8
DA:87,8
DA:88,11
DA:89,10
DA:90,1
DA:91,11
DA:94,8
LF:31
LH:31
BRDA:35,0,0,8
BRDA:35,0,1,1
BRDA:36,1,0,8
BRDA:36,1,1,5
BRDA:41,2,0,8
BRDA:41,2,1,7
BRDA:51,3,0,8
BRDA:51,3,1,7
BRDA:53,4,0,8
BRDA:53,4,1,0
BRDA:56,5,0,8
BRDA:56,5,1,0
BRF:12
BRH:10
end_of_record
TN:
SF:libs/telemetry/src/services/telemetry.service.ts
FN:24,(anonymous_0)
FN:38,(anonymous_1)
FN:46,(anonymous_2)
FN:74,(anonymous_3)
FN:78,(anonymous_4)
FN:79,(anonymous_5)
FN:97,(anonymous_6)
FN:102,(anonymous_7)
FNF:8
FNH:8
FNDA:14,(anonymous_0)
FNDA:15,(anonymous_1)
FNDA:49,(anonymous_2)
FNDA:5,(anonymous_3)
FNDA:2,(anonymous_4)
FNDA:2,(anonymous_5)
FNDA:2,(anonymous_6)
FNDA:1,(anonymous_7)
DA:1,1
DA:2,1
DA:13,1
DA:15,1
DA:18,1
DA:21,14
DA:26,14
DA:27,14
DA:29,14
DA:32,14
DA:35,14
DA:39,15
DA:41,15
DA:42,45
DA:47,49
DA:48,49
DA:52,49
DA:54,17
DA:58,17
DA:60,16
DA:64,16
DA:66,16
DA:70,16
DA:75,5
DA:79,2
DA:80,2
DA:81,2
DA:82,1
DA:83,1
DA:85,1
DA:89,1
DA:90,1
DA:92,2
DA:98,2
DA:99,2
LF:35
LH:35
BRDA:39,0,0,15
BRDA:39,0,1,0
BRDA:52,1,0,17
BRDA:52,1,1,16
BRDA:52,1,2,16
BRDA:99,2,0,2
BRDA:99,2,1,1
BRF:7
BRH:6
end_of_record
TN:
SF:src/app.controller.ts
FN:6,(anonymous_0)
FN:9,(anonymous_1)
FNF:2
FNH:2
FNDA:1,(anonymous_0)
FNDA:1,(anonymous_1)
DA:1,1
DA:2,1
DA:5,1
DA:6,1
DA:9,1
DA:10,1
LF:6
LH:6
BRF:0
BRH:0
end_of_record
TN:
SF:src/app.service.ts
FN:5,(anonymous_0)
FNF:1
FNH:1
FNDA:1,(anonymous_0)
DA:1,1
DA:4,1
DA:6,1
LF:3
LH:3
BRF:0
BRH:0
end_of_record
TN:
SF:src/auth/auth.controller.ts
FN:17,(anonymous_0)
FN:24,(anonymous_1)
FN:27,(anonymous_2)
FN:39,(anonymous_3)
FNF:4
FNH:4
FNDA:6,(anonymous_0)
FNDA:1,(anonymous_1)
FNDA:2,(anonymous_2)
FNDA:2,(anonymous_3)
DA:1,5
DA:9,5
DA:11,5
DA:13,5
DA:16,5
DA:18,6
DA:19,6
DA:24,5
DA:27,5
DA:28,2
DA:29,1
DA:32,1
DA:34,1
DA:39,5
DA:40,2
DA:42,1
LF:16
LH:16
BRDA:28,0,0,1
BRF:1
BRH:1
end_of_record
TN:
SF:src/auth/auth.service.ts
FN:16,(anonymous_0)
FN:18,(anonymous_1)
FN:49,(anonymous_2)
FN:63,(anonymous_3)
FN:69,(anonymous_4)
FN:83,(anonymous_5)
FNF:6
FNH:5
FNDA:7,(anonymous_0)
FNDA:4,(anonymous_1)
FNDA:6,(anonymous_2)
FNDA:2,(anonymous_3)
FNDA:1,(anonymous_4)
FNDA:0,(anonymous_5)
DA:1,7
DA:9,7
DA:10,7
DA:13,7
DA:14,7
DA:16,7
DA:24,4
DA:26,4
DA:28,3
DA:29,1
DA:32,2
DA:33,1
DA:36,1
DA:42,1
DA:50,6
DA:64,2
DA:65,2
DA:74,1
DA:84,0
DA:88,0
DA:90,0
LF:21
LH:18
BRDA:28,0,0,1
BRDA:32,1,0,1
BRDA:84,2,0,0
BRDA:85,3,0,0
BRDA:85,3,1,0
BRF:5
BRH:2
end_of_record
TN:
SF:src/auth/okta.config.ts
FNF:0
FNH:0
DA:1,5
LF:1
LH:1
BRF:0
BRH:0
end_of_record
TN:
SF:src/auth/guards/auth.guard.ts
FN:19,(anonymous_0)
FN:26,(anonymous_1)
FN:64,(anonymous_2)
FNF:3
FNH:3
FNDA:5,(anonymous_0)
FNDA:4,(anonymous_1)
FNDA:4,(anonymous_2)
DA:1,5
DA:8,5
DA:9,5
DA:11,5
DA:12,5
DA:15,5
DA:17,5
DA:19,5
DA:20,5
DA:27,4
DA:28,4
DA:30,4
DA:31,2
DA:34,2
DA:35,2
DA:40,2
DA:42,2
DA:44,2
DA:45,0
DA:48,2
DA:49,1
DA:52,1
DA:53,1
DA:55,1
DA:56,1
DA:59,0
DA:60,0
DA:65,4
DA:66,4
LF:29
LH:26
BRDA:30,0,0,2
BRDA:44,1,0,0
BRDA:48,2,0,1
BRDA:55,3,0,1
BRDA:65,4,0,4
BRDA:65,4,1,2
BRDA:66,5,0,2
BRDA:66,5,1,2
BRF:8
BRH:7
end_of_record
TN:
SF:src/auth/okta/okta-user.service.ts
FN:29,(anonymous_0)
FN:47,(anonymous_1)
FN:87,(anonymous_2)
FN:116,(anonymous_3)
FN:128,(anonymous_4)
FN:146,(anonymous_5)
FN:168,(anonymous_6)
FN:188,(anonymous_7)
FN:190,(anonymous_8)
FN:197,(anonymous_9)
FN:199,(anonymous_10)
FN:202,(anonymous_11)
FN:209,(anonymous_12)
FN:216,(anonymous_13)
FNF:14
FNH:11
FNDA:13,(anonymous_0)
FNDA:3,(anonymous_1)
FNDA:2,(anonymous_2)
FNDA:0,(anonymous_3)
FNDA:3,(anonymous_4)
FNDA:0,(anonymous_5)
FNDA:2,(anonymous_6)
FNDA:10,(anonymous_7)
FNDA:6,(anonymous_8)
FNDA:2,(anonymous_9)
FNDA:1,(anonymous_10)
FNDA:1,(anonymous_11)
FNDA:0,(anonymous_12)
FNDA:2,(anonymous_13)
DA:1,8
DA:9,8
DA:10,8
DA:12,8
DA:13,8
DA:14,8
DA:15,8
DA:18,8
DA:19,13
DA:30,13
DA:31,13
DA:33,13
DA:34,13
DA:35,13
DA:36,13
DA:37,13
DA:38,13
DA:39,13
DA:41,13
DA:48,3
DA:49,3
DA:57,3
DA:72,1
DA:78,2
DA:79,1
DA:82,1
DA:83,1
DA:88,2
DA:89,2
DA:96,2
DA:110,1
DA:112,1
DA:113,1
DA:117,0
DA:118,0
DA:123,0
DA:124,0
DA:129,3
DA:143,1
DA:150,0
DA:165,0
DA:169,2
DA:180,1
DA:181,0
DA:182,0
DA:185,1
DA:189,10
DA:191,6
DA:192,4
DA:194,2
DA:197,2
DA:199,1
DA:201,1
DA:202,1
DA:205,0
DA:208,0
DA:209,0
DA:214,2
DA:215,2
DA:216,2
LF:60
LH:49
BRDA:78,0,0,1
BRDA:180,1,0,0
BRDA:191,2,0,4
BRDA:192,3,0,2
BRDA:192,3,1,1
BRDA:192,3,2,1
BRDA:192,3,3,0
BRF:7
BRH:5
end_of_record
TN:
SF:src/auth/strategies/okta.strategy.ts
FN:13,(anonymous_0)
FN:30,(anonymous_1)
FN:36,(anonymous_2)
FN:43,(anonymous_3)
FNF:4
FNH:3
FNDA:4,(anonymous_0)
FNDA:3,(anonymous_1)
FNDA:1,(anonymous_2)
FNDA:0,(anonymous_3)
DA:1,5
DA:2,5
DA:3,5
DA:4,5
DA:5,5
DA:7,5
DA:10,5
DA:13,4
DA:14,4
DA:24,4
DA:34,3
DA:37,1
DA:40,2
DA:41,1
DA:44,0
DA:47,1
DA:53,1
DA:54,0
DA:57,1
DA:59,1
LF:20
LH:18
BRDA:40,0,0,1
BRDA:40,0,1,1
BRDA:40,1,0,2
BRDA:40,1,1,1
BRDA:53,2,0,0
BRF:5
BRH:4
end_of_record
TN:
SF:src/facilities/facilities.controller.ts
FN:24,(anonymous_0)
FN:27,(anonymous_1)
FN:37,(anonymous_2)
FN:44,(anonymous_3)
FN:51,(anonymous_4)
FN:61,(anonymous_5)
FNF:6
FNH:6
FNDA:6,(anonymous_0)
FNDA:1,(anonymous_1)
FNDA:1,(anonymous_2)
FNDA:1,(anonymous_3)
FNDA:1,(anonymous_4)
FNDA:1,(anonymous_5)
DA:1,1
DA:12,1
DA:13,1
DA:14,1
DA:19,1
DA:23,1
DA:24,6
DA:27,1
DA:31,1
DA:33,1
DA:37,1
DA:38,1
DA:40,1
DA:44,1
DA:45,1
DA:47,1
DA:51,1
DA:55,1
DA:57,1
DA:61,1
DA:62,1
DA:64,1
LF:22
LH:22
BRF:0
BRH:0
end_of_record
TN:
SF:src/facilities/facilities.service.ts
FN:22,(anonymous_0)
FN:24,(anonymous_1)
FN:27,(anonymous_2)
FN:30,(anonymous_3)
FN:66,(anonymous_4)
FN:75,(anonymous_5)
FN:84,(anonymous_6)
FN:93,(anonymous_7)
FN:102,(anonymous_8)
FN:111,(anonymous_9)
FN:120,(anonymous_10)
FN:240,(anonymous_11)
FN:283,(anonymous_12)
FN:284,(anonymous_13)
FN:297,(anonymous_14)
FN:299,(anonymous_15)
FN:346,(anonymous_16)
FN:384,(anonymous_17)
FN:386,(anonymous_18)
FN:393,(anonymous_19)
FN:399,(anonymous_20)
FN:424,(anonymous_21)
FN:697,(anonymous_22)
FN:727,(anonymous_23)
FNF:24
FNH:20
FNDA:8,(anonymous_0)
FNDA:13,(anonymous_1)
FNDA:11,(anonymous_2)
FNDA:10,(anonymous_3)
FNDA:11,(anonymous_4)
FNDA:11,(anonymous_5)
FNDA:11,(anonymous_6)
FNDA:11,(anonymous_7)
FNDA:11,(anonymous_8)
FNDA:11,(anonymous_9)
FNDA:10,(anonymous_10)
FNDA:10,(anonymous_11)
FNDA:0,(anonymous_12)
FNDA:0,(anonymous_13)
FNDA:0,(anonymous_14)
FNDA:0,(anonymous_15)
FNDA:4,(anonymous_16)
FNDA:13,(anonymous_17)
FNDA:12,(anonymous_18)
FNDA:12,(anonymous_19)
FNDA:12,(anonymous_20)
FNDA:2,(anonymous_21)
FNDA:3,(anonymous_22)
FNDA:2,(anonymous_23)
DA:1,2
DA:2,2
DA:13,2
DA:15,2
DA:19,2
DA:20,8
DA:22,8
DA:25,13
DA:27,11
DA:28,11
DA:30,11
DA:32,11
DA:34,11
DA:66,11
DA:75,11
DA:84,11
DA:93,11
DA:102,11
DA:111,11
DA:120,10
DA:241,10
DA:245,10
DA:247,10
DA:249,10
DA:250,1
DA:251,9
DA:252,1
DA:253,8
DA:254,1
DA:255,7
DA:256,1
DA:257,6
DA:258,1
DA:259,5
DA:262,1
DA:263,4
DA:266,1
DA:267,3
DA:268,1
DA:269,2
DA:270,1
DA:271,1
DA:272,1
DA:275,10
DA:278,0
DA:279,0
DA:282,1
DA:284,0
DA:296,1
DA:298,0
DA:299,0
DA:312,1
DA:342,1
DA:347,4
DA:381,4
DA:385,13
DA:386,12
DA:390,13
DA:391,13
DA:393,13
DA:394,12
DA:397,13
DA:399,13
DA:400,12
DA:402,12
DA:403,1
DA:406,12
DA:407,11
DA:411,13
DA:413,13
DA:414,1
DA:419,12
DA:420,1
DA:425,2
DA:426,1
DA:429,1
DA:690,1
DA:691,1
DA:694,0
DA:698,3
DA:699,1
DA:702,2
DA:709,2
DA:710,1
DA:713,1
DA:720,1
DA:728,2
DA:729,1
DA:732,1
DA:739,1
DA:740,1
DA:742,0
DA:748,0
LF:93
LH:85
BRDA:63,0,0,11
BRDA:63,0,1,0
BRDA:241,1,0,10
BRDA:242,2,0,10
BRDA:242,2,1,10
BRDA:249,3,0,1
BRDA:249,3,1,9
BRDA:251,4,0,1
BRDA:251,4,1,8
BRDA:253,5,0,1
BRDA:253,5,1,7
BRDA:255,6,0,1
BRDA:255,6,1,6
BRDA:257,7,0,1
BRDA:257,7,1,5
BRDA:259,8,0,1
BRDA:259,8,1,4
BRDA:263,9,0,1
BRDA:263,9,1,3
BRDA:267,10,0,1
BRDA:267,10,1,2
BRDA:269,11,0,1
BRDA:269,11,1,1
BRDA:271,12,0,1
BRDA:288,13,0,0
BRDA:288,13,1,0
BRDA:299,14,0,0
BRDA:299,14,1,0
BRDA:370,15,0,1
BRDA:370,15,1,3
BRDA:371,16,0,1
BRDA:371,16,1,0
BRDA:372,17,0,3
BRDA:372,17,1,2
BRDA:373,18,0,4
BRDA:373,18,1,3
BRDA:402,19,0,1
BRDA:406,20,0,11
BRDA:413,21,0,1
BRDA:413,22,0,13
BRDA:413,22,1,11
BRDA:413,22,2,10
BRDA:419,23,0,1
BRDA:425,24,0,1
BRDA:690,25,0,1
BRDA:698,26,0,1
BRDA:709,27,0,1
BRDA:728,28,0,1
BRDA:739,29,0,1
BRF:49
BRH:43
end_of_record
TN:
SF:src/health/health.controller.ts
FN:10,(anonymous_0)
FN:17,(anonymous_1)
FN:19,(anonymous_2)
FNF:3
FNH:2
FNDA:2,(anonymous_0)
FNDA:1,(anonymous_1)
FNDA:0,(anonymous_2)
DA:1,1
DA:2,1
DA:9,1
DA:11,2
DA:12,2
DA:17,1
DA:18,1
DA:19,0
LF:8
LH:7
BRF:0
BRH:0
end_of_record
TN:
SF:src/license-applications/license-applications.controller.ts
FN:33,(anonymous_0)
FN:46,(anonymous_1)
FN:73,(anonymous_2)
FN:90,(anonymous_3)
FN:100,(anonymous_4)
FN:108,(anonymous_5)
FNF:6
FNH:6
FNDA:6,(anonymous_0)
FNDA:1,(anonymous_1)
FNDA:1,(anonymous_2)
FNDA:1,(anonymous_3)
FNDA:1,(anonymous_4)
FNDA:1,(anonymous_5)
DA:1,1
DA:13,1
DA:14,1
DA:15,1
DA:21,1
DA:27,1
DA:28,1
DA:32,1
DA:34,6
DA:46,1
DA:53,1
DA:59,1
DA:73,1
DA:80,1
DA:86,1
DA:90,1
DA:94,1
DA:96,1
DA:100,1
DA:102,1
DA:104,1
DA:108,1
DA:114,1
DA:119,1
LF:24
LH:24
BRF:0
BRH:0
end_of_record
TN:
SF:src/license-applications/license-applications.service.ts
FN:29,(anonymous_0)
FN:34,(anonymous_1)
FN:69,(anonymous_2)
FN:84,(anonymous_3)
FN:109,(anonymous_4)
FN:111,(anonymous_5)
FN:113,(anonymous_6)
FN:140,(anonymous_7)
FN:188,(anonymous_8)
FN:271,(anonymous_9)
FN:323,(anonymous_10)
FN:350,(anonymous_11)
FN:371,(anonymous_12)
FN:385,(anonymous_13)
FN:395,(anonymous_14)
FN:407,(anonymous_15)
FN:413,(anonymous_16)
FN:425,(anonymous_17)
FN:472,(anonymous_18)
FN:518,(anonymous_19)
FNF:20
FNH:19
FNDA:16,(anonymous_0)
FNDA:2,(anonymous_1)
FNDA:1,(anonymous_2)
FNDA:2,(anonymous_3)
FNDA:1,(anonymous_4)
FNDA:7,(anonymous_5)
FNDA:6,(anonymous_6)
FNDA:2,(anonymous_7)
FNDA:2,(anonymous_8)
FNDA:8,(anonymous_9)
FNDA:4,(anonymous_10)
FNDA:2,(anonymous_11)
FNDA:2,(anonymous_12)
FNDA:0,(anonymous_13)
FNDA:5,(anonymous_14)
FNDA:1,(anonymous_15)
FNDA:2,(anonymous_16)
FNDA:14,(anonymous_17)
FNDA:4,(anonymous_18)
FNDA:1,(anonymous_19)
DA:1,2
DA:7,2
DA:20,2
DA:23,2
DA:26,2
DA:27,16
DA:30,16
DA:31,16
DA:39,2
DA:44,2
DA:45,1
DA:46,1
DA:47,1
DA:48,1
DA:53,1
DA:54,0
DA:55,0
DA:57,0
DA:62,1
DA:68,1
DA:70,1
DA:81,1
DA:89,2
DA:93,2
DA:94,1
DA:95,1
DA:97,1
DA:102,1
DA:108,1
DA:110,1
DA:111,7
DA:114,6
DA:115,6
DA:120,1
DA:122,1
DA:137,1
DA:142,2
DA:150,2
DA:185,2
DA:189,2
DA:190,1
DA:193,1
DA:237,1
DA:238,0
DA:241,1
DA:243,1
DA:244,1
DA:245,4
DA:249,4
DA:251,4
DA:252,4
DA:259,1
DA:261,1
DA:263,1
DA:265,1
DA:268,1
DA:275,8
DA:282,8
DA:283,1
DA:286,7
DA:287,3
DA:292,4
DA:320,4
DA:328,4
DA:351,2
DA:355,1
DA:357,1
DA:359,1
DA:360,1
DA:363,1
DA:366,1
DA:367,1
DA:374,2
DA:386,0
DA:392,2
DA:396,5
DA:408,1
DA:409,1
DA:417,2
DA:418,2
DA:419,2
DA:420,2
DA:421,2
DA:422,2
DA:423,2
DA:425,2
DA:426,14
DA:427,11
DA:428,11
DA:434,2
DA:438,2
DA:450,2
DA:460,2
DA:491,4
DA:496,4
DA:508,4
DA:519,1
DA:520,1
LF:98
LH:93
BRDA:44,0,0,1
BRDA:46,1,0,1
BRDA:46,1,1,1
BRDA:47,2,0,1
BRDA:47,2,1,0
BRDA:53,3,0,0
BRDA:93,4,0,1
BRDA:142,5,0,1
BRDA:142,5,1,1
BRDA:142,6,0,2
BRDA:142,6,1,1
BRDA:142,6,2,1
BRDA:173,7,0,2
BRDA:173,7,1,1
BRDA:175,8,0,1
BRDA:175,8,1,1
BRDA:177,9,0,1
BRDA:177,9,1,0
BRDA:178,10,0,1
BRDA:178,10,1,0
BRDA:180,11,0,1
BRDA:180,11,1,1
BRDA:189,12,0,1
BRDA:237,13,0,0
BRDA:243,14,0,1
BRDA:251,15,0,4
BRDA:261,16,0,1
BRDA:282,17,0,1
BRDA:286,18,0,3
BRDA:303,19,0,1
BRDA:303,19,1,3
BRDA:305,20,0,1
BRDA:305,20,1,2
BRDA:307,21,0,1
BRDA:307,21,1,1
BRDA:315,22,0,1
BRDA:315,22,1,3
BRDA:351,23,0,1
BRDA:352,24,0,2
BRDA:352,24,1,1
BRDA:359,25,0,1
BRDA:392,26,0,2
BRDA:392,26,1,1
BRDA:426,27,0,3
BRDA:497,28,0,4
BRDA:497,28,1,0
BRDA:498,29,0,4
BRDA:498,29,1,2
BRDA:499,30,0,4
BRDA:499,30,1,1
BRDA:500,31,0,4
BRDA:500,31,1,2
BRDA:501,32,0,4
BRDA:501,32,1,1
BRDA:503,33,0,4
BRDA:503,33,1,1
BRDA:505,34,0,4
BRDA:505,34,1,1
BRF:58
BRH:52
end_of_record
TN:
SF:src/middlewares/cors.middleware.ts
FN:15,(anonymous_0)
FN:17,(anonymous_1)
FN:31,(anonymous_2)
FNF:3
FNH:0
FNDA:0,(anonymous_0)
FNDA:0,(anonymous_1)
FNDA:0,(anonymous_2)
DA:2,0
DA:5,0
DA:7,0
DA:11,0
DA:12,0
DA:14,0
DA:15,0
DA:17,0
DA:21,0
DA:22,0
DA:24,0
DA:26,0
DA:27,0
DA:29,0
DA:32,0
DA:37,0
DA:40,0
DA:41,0
LF:18
LH:0
BRDA:15,0,0,0
BRDA:15,0,1,0
BRDA:26,1,0,0
BRDA:26,1,1,0
BRDA:32,2,0,0
BRDA:32,2,1,0
BRDA:33,3,0,0
BRDA:33,3,1,0
BRDA:33,3,2,0
BRDA:33,3,3,0
BRF:10
BRH:0
end_of_record
TN:
SF:src/organizations/organizations.controller.ts
FN:22,(anonymous_0)
FN:25,(anonymous_1)
FN:38,(anonymous_2)
FN:45,(anonymous_3)
FN:53,(anonymous_4)
FNF:5
FNH:5
FNDA:5,(anonymous_0)
FNDA:1,(anonymous_1)
FNDA:1,(anonymous_2)
FNDA:1,(anonymous_3)
FNDA:1,(anonymous_4)
DA:1,1
DA:13,1
DA:14,1
DA:15,1
DA:16,1
DA:17,1
DA:21,1
DA:22,5
DA:25,1
DA:29,1
DA:34,1
DA:38,1
DA:39,1
DA:41,1
DA:45,1
DA:46,1
DA:48,1
DA:53,1
DA:67,1
DA:73,1
LF:20
LH:20
BRF:0
BRH:0
end_of_record
TN:
SF:src/organizations/organizations.service.ts
FN:15,(anonymous_0)
FN:20,(anonymous_1)
FN:30,(anonymous_2)
FN:68,(anonymous_3)
FN:93,(anonymous_4)
FN:102,(anonymous_5)
FN:156,(anonymous_6)
FN:175,(anonymous_7)
FNF:8
FNH:7
FNDA:8,(anonymous_0)
FNDA:1,(anonymous_1)
FNDA:0,(anonymous_2)
FNDA:3,(anonymous_3)
FNDA:1,(anonymous_4)
FNDA:2,(anonymous_5)
FNDA:1,(anonymous_6)
FNDA:1,(anonymous_7)
DA:1,2
DA:2,2
DA:8,2
DA:10,2
DA:13,2
DA:14,8
DA:16,8
DA:17,8
DA:21,1
DA:30,0
DA:65,1
DA:73,3
DA:78,3
DA:79,1
DA:82,2
DA:88,2
DA:94,1
DA:96,1
DA:99,1
DA:103,2
DA:142,2
DA:143,1
DA:146,1
DA:148,1
DA:149,0
DA:153,1
DA:157,1
DA:172,1
DA:176,1
LF:29
LH:27
BRDA:78,0,0,1
BRDA:142,1,0,1
BRDA:148,2,0,0
BRF:3
BRH:2
end_of_record
TN:
SF:src/practitioners/practitioners.controller.ts
FN:7,(anonymous_0)
FN:10,(anonymous_1)
FNF:2
FNH:2
FNDA:2,(anonymous_0)
FNDA:1,(anonymous_1)
DA:1,1
DA:2,1
DA:3,1
DA:6,1
DA:7,2
DA:10,1
DA:11,1
DA:15,1
LF:8
LH:8
BRF:0
BRH:0
end_of_record
TN:
SF:src/practitioners/practitioners.service.ts
FN:13,(anonymous_0)
FN:15,(anonymous_1)
FN:42,(anonymous_2)
FN:51,(anonymous_3)
FN:70,(anonymous_4)
FN:108,(anonymous_5)
FN:147,(anonymous_6)
FN:166,(anonymous_7)
FN:181,(anonymous_8)
FN:245,(anonymous_9)
FN:305,(anonymous_10)
FN:341,(anonymous_11)
FN:346,(anonymous_12)
FN:373,(anonymous_13)
FN:383,(anonymous_14)
FNF:15
FNH:15
FNDA:13,(anonymous_0)
FNDA:12,(anonymous_1)
FNDA:3,(anonymous_2)
FNDA:2,(anonymous_3)
FNDA:1,(anonymous_4)
FNDA:8,(anonymous_5)
FNDA:2,(anonymous_6)
FNDA:1,(anonymous_7)
FNDA:1,(anonymous_8)
FNDA:3,(anonymous_9)
FNDA:8,(anonymous_10)
FNDA:8,(anonymous_11)
FNDA:2,(anonymous_12)
FNDA:3,(anonymous_13)
FNDA:6,(anonymous_14)
DA:1,2
DA:7,2
DA:9,2
DA:12,2
DA:13,13
DA:16,12
DA:20,12
DA:21,8
DA:26,8
DA:27,7
DA:30,7
DA:36,7
DA:42,3
DA:43,3
DA:46,3
DA:50,8
DA:51,2
DA:57,8
DA:58,3
DA:63,1
DA:69,1
DA:70,1
DA:73,1
DA:77,6
DA:78,6
DA:80,6
DA:81,1
DA:84,5
DA:85,3
DA:89,3
DA:97,2
DA:99,2
DA:113,8
DA:148,2
DA:166,1
DA:186,1
DA:251,3
DA:318,8
DA:319,2
DA:324,6
DA:325,1
DA:330,5
DA:335,1
DA:344,8
DA:346,2
DA:370,8
DA:377,3
DA:378,3
DA:380,3
DA:381,3
DA:383,3
DA:384,6
DA:389,3
DA:390,1
DA:395,2
DA:396,1
LF:56
LH:56
BRDA:20,0,0,8
BRDA:20,1,0,12
BRDA:20,1,1,5
BRDA:26,2,0,7
BRDA:30,3,0,4
BRDA:30,3,1,3
BRDA:30,4,0,7
BRDA:30,4,1,5
BRDA:32,5,0,1
BRDA:32,5,1,2
BRDA:57,6,0,3
BRDA:80,7,0,1
BRDA:84,8,0,3
BRDA:84,8,1,2
BRDA:84,9,0,5
BRDA:84,9,1,3
BRDA:117,10,0,8
BRDA:117,10,1,1
BRDA:120,11,0,8
BRDA:120,11,1,2
BRDA:318,12,0,2
BRDA:324,13,0,1
BRDA:330,14,0,1
BRDA:331,15,0,5
BRDA:331,15,1,5
BRDA:331,15,2,5
BRDA:384,16,0,2
BRDA:384,16,1,4
BRDA:389,17,0,1
BRDA:389,18,0,3
BRDA:389,18,1,2
BRDA:395,19,0,1
BRDA:395,20,0,2
BRDA:395,20,1,1
BRF:34
BRH:34
end_of_record
TN:
SF:src/users/users.controller.ts
FN:26,(anonymous_0)
FN:29,(anonymous_1)
FN:36,(anonymous_2)
FN:43,(anonymous_3)
FN:50,(anonymous_4)
FN:57,(anonymous_5)
FN:64,(anonymous_6)
FN:74,(anonymous_7)
FNF:8
FNH:7
FNDA:7,(anonymous_0)
FNDA:1,(anonymous_1)
FNDA:1,(anonymous_2)
FNDA:0,(anonymous_3)
FNDA:1,(anonymous_4)
FNDA:1,(anonymous_5)
FNDA:1,(anonymous_6)
FNDA:1,(anonymous_7)
DA:1,1
DA:13,1
DA:19,1
DA:20,1
DA:21,1
DA:25,1
DA:26,7
DA:29,1
DA:30,1
DA:32,1
DA:36,1
DA:37,1
DA:39,1
DA:43,1
DA:44,0
DA:46,0
DA:50,1
DA:51,1
DA:53,1
DA:57,1
DA:58,1
DA:60,1
DA:64,1
DA:68,1
DA:70,1
DA:74,1
DA:75,1
DA:77,1
LF:28
LH:26
BRF:0
BRH:0
end_of_record
TN:
SF:src/users/users.service.ts
FN:22,(anonymous_0)
FN:27,(anonymous_1)
FN:33,(anonymous_2)
FN:69,(anonymous_3)
FN:81,(anonymous_4)
FN:115,(anonymous_5)
FN:123,(anonymous_6)
FN:150,(anonymous_7)
FN:163,(anonymous_8)
FN:174,(anonymous_9)
FN:205,(anonymous_10)
FN:212,(anonymous_11)
FN:227,(anonymous_12)
FN:229,(anonymous_13)
FN:245,(anonymous_14)
FNF:15
FNH:14
FNDA:19,(anonymous_0)
FNDA:4,(anonymous_1)
FNDA:0,(anonymous_2)
FNDA:1,(anonymous_3)
FNDA:2,(anonymous_4)
FNDA:1,(anonymous_5)
FNDA:2,(anonymous_6)
FNDA:5,(anonymous_7)
FNDA:4,(anonymous_8)
FNDA:2,(anonymous_9)
FNDA:2,(anonymous_10)
FNDA:1,(anonymous_11)
FNDA:3,(anonymous_12)
FNDA:3,(anonymous_13)
FNDA:1,(anonymous_14)
DA:1,2
DA:7,2
DA:8,2
DA:15,2
DA:16,2
DA:19,2
DA:20,19
DA:23,19
DA:24,19
DA:28,4
DA:34,0
DA:35,0
DA:38,4
DA:39,1
DA:42,3
DA:51,2
DA:70,1
DA:71,1
DA:74,1
DA:75,1
DA:78,1
DA:82,2
DA:84,2
DA:116,1
DA:117,1
DA:120,1
DA:124,2
DA:136,2
DA:137,1
DA:140,1
DA:151,5
DA:156,5
DA:157,1
DA:160,4
DA:162,4
DA:164,4
DA:175,2
DA:179,1
DA:182,1
DA:183,1
DA:186,2
DA:187,1
DA:198,2
DA:206,2
DA:213,1
DA:217,1
DA:220,0
DA:221,0
DA:224,1
DA:228,3
DA:230,3
DA:246,1
DA:250,1
DA:253,0
DA:254,0
DA:257,2
DA:258,1
DA:261,2
LF:58
LH:52
BRDA:38,0,0,1
BRDA:70,1,0,1
BRDA:96,2,0,2
BRDA:96,2,1,2
BRDA:100,3,0,0
BRDA:100,3,1,2
BRDA:100,4,0,0
BRDA:100,4,1,0
BRDA:104,5,0,0
BRDA:104,5,1,2
BRDA:104,6,0,0
BRDA:104,6,1,0
BRDA:108,7,0,0
BRDA:108,7,1,2
BRDA:108,8,0,0
BRDA:108,8,1,0
BRDA:136,9,0,1
BRDA:156,10,0,1
BRDA:175,11,0,1
BRDA:176,12,0,2
BRDA:176,12,1,2
BRDA:186,13,0,1
BRDA:213,14,0,1
BRDA:214,15,0,1
BRDA:214,15,1,1
BRDA:246,16,0,1
BRDA:247,17,0,1
BRDA:247,17,1,1
BRDA:257,18,0,1
BRF:29
BRH:20
end_of_record
TN:
SF:src/utils/utils.controller.ts
FN:6,(anonymous_0)
FN:9,(anonymous_1)
FN:17,(anonymous_2)
FN:25,(anonymous_3)
FN:32,(anonymous_4)
FN:40,(anonymous_5)
FN:48,(anonymous_6)
FN:56,(anonymous_7)
FN:64,(anonymous_8)
FN:71,(anonymous_9)
FN:79,(anonymous_10)
FN:86,(anonymous_11)
FN:93,(anonymous_12)
FN:101,(anonymous_13)
FN:108,(anonymous_14)
FN:116,(anonymous_15)
FNF:16
FNH:16
FNDA:16,(anonymous_0)
FNDA:1,(anonymous_1)
FNDA:1,(anonymous_2)
FNDA:1,(anonymous_3)
FNDA:1,(anonymous_4)
FNDA:1,(anonymous_5)
FNDA:1,(anonymous_6)
FNDA:1,(anonymous_7)
FNDA:1,(anonymous_8)
FNDA:1,(anonymous_9)
FNDA:1,(anonymous_10)
FNDA:1,(anonymous_11)
FNDA:1,(anonymous_12)
FNDA:1,(anonymous_13)
FNDA:1,(anonymous_14)
FNDA:1,(anonymous_15)
DA:1,1
DA:2,1
DA:5,1
DA:6,16
DA:9,1
DA:11,1
DA:13,1
DA:17,1
DA:19,1
DA:21,1
DA:25,1
DA:26,1
DA:28,1
DA:32,1
DA:34,1
DA:36,1
DA:40,1
DA:42,1
DA:44,1
DA:48,1
DA:50,1
DA:52,1
DA:56,1
DA:58,1
DA:60,1
DA:64,1
DA:65,1
DA:67,1
DA:71,1
DA:73,1
DA:75,1
DA:79,1
DA:80,1
DA:82,1
DA:86,1
DA:87,1
DA:89,1
DA:93,1
DA:95,1
DA:97,1
DA:101,1
DA:102,1
DA:104,1
DA:108,1
DA:110,1
DA:112,1
DA:116,1
DA:117,1
DA:119,1
LF:49
LH:49
BRF:0
BRH:0
end_of_record
TN:
SF:src/utils/utils.service.ts
FN:7,(anonymous_0)
FN:9,(anonymous_1)
FN:23,(anonymous_2)
FN:36,(anonymous_3)
FN:44,(anonymous_4)
FN:48,(anonymous_5)
FN:54,(anonymous_6)
FN:60,(anonymous_7)
FN:66,(anonymous_8)
FN:70,(anonymous_9)
FN:76,(anonymous_10)
FN:93,(anonymous_11)
FN:105,(anonymous_12)
FN:126,(anonymous_13)
FN:137,(anonymous_14)
FN:150,(anonymous_15)
FN:160,(anonymous_16)
FNF:17
FNH:16
FNDA:16,(anonymous_0)
FNDA:1,(anonymous_1)
FNDA:1,(anonymous_2)
FNDA:1,(anonymous_3)
FNDA:1,(anonymous_4)
FNDA:1,(anonymous_5)
FNDA:1,(anonymous_6)
FNDA:1,(anonymous_7)
FNDA:1,(anonymous_8)
FNDA:0,(anonymous_9)
FNDA:1,(anonymous_10)
FNDA:1,(anonymous_11)
FNDA:1,(anonymous_12)
FNDA:1,(anonymous_13)
FNDA:1,(anonymous_14)
FNDA:1,(anonymous_15)
FNDA:1,(anonymous_16)
DA:1,2
DA:2,2
DA:3,2
DA:6,2
DA:7,16
DA:10,1
DA:20,1
DA:24,1
DA:33,1
DA:37,1
DA:41,1
DA:45,1
DA:49,1
DA:55,1
DA:61,1
DA:67,1
DA:71,0
DA:77,1
DA:94,1
DA:106,1
DA:107,0
DA:110,1
DA:127,1
DA:138,1
DA:151,1
DA:161,1
DA:166,16
LF:27
LH:25
BRDA:106,0,0,0
BRF:1
BRH:0
end_of_record
